====第1月明细====
1月薪水为:21000
五险一金实际缴纳基数为:10290
社保:823.2
医疗:205.8
失业:51.5
公积金:720
补充公积金:515
当期累计税前收入:21000
当期累计应纳税收入:11984.5
当期累计应纳税:359.54
当期累计已纳税:0
本期个人所得税:359.54
====第2月明细====
2月薪水为:21000
五险一金实际缴纳基数为:10290
社保:823.2
医疗:205.8
失业:51.5
公积金:720
补充公积金:515
当期累计税前收入:42000
当期累计应纳税收入:23869.0
当期累计应纳税:716.07
当期累计已纳税:359.54
本期个人所得税:356.53
====第3月明细====
3月薪水为:20000
五险一金实际缴纳基数为:10290
社保:823.2
医疗:205.8
失业:51.5
公积金:720
补充公积金:515
当期累计税前收入:62000
当期累计应纳税收入:35053.5
当期累计应纳税:1051.61
当期累计已纳税:716.07
本期个人所得税:335.54
====第4月明细====
4月薪水为:20000
五险一金实际缴纳基数为:10290
社保:823.2
医疗:205.8
失业:51.5
公积金:720
补充公积金:515
当期累计税前收入:82000
当期累计应纳税收入:46238.0
当期累计应纳税:2103.80
当期累计已纳税:1051.61
本期个人所得税:1052.19
====第5月明细====
5月薪水为:20000
五险一金实际缴纳基数为:10290
社保:823.2
医疗:205.8
失业:51.5
公积金:720
补充公积金:515
当期累计税前收入:102000
当期累计应纳税收入:57422.5
当期累计应纳税:3222.25
当期累计已纳税:2103.80
本期个人所得税:1118.45
====第6月明细====
6月薪水为:20000
五险一金实际缴纳基数为:10290
社保:823.2
医疗:205.8
失业:51.5
公积金:720
补充公积金:515
当期累计税前收入:122000
当期累计应纳税收入:68607.0
当期累计应纳税:4340.70
当期累计已纳税:3222.25
本期个人所得税:1118.45
====第7月明细====
7月薪水为:20000
五险一金实际缴纳基数为:10290
社保:823.2
医疗:205.8
失业:51.5
公积金:720
补充公积金:515
当期累计税前收入:142000
当期累计应纳税收入:79791.5
当期累计应纳税:5459.15
当期累计已纳税:4340.70
本期个人所得税:1118.45
====第8月明细====
8月薪水为:20000
五险一金实际缴纳基数为:10290
社保:823.2
医疗:205.8
失业:51.5
公积金:720
补充公积金:515
当期累计税前收入:162000
当期累计应纳税收入:90976.0
当期累计应纳税:6577.60
当期累计已纳税:5459.15
本期个人所得税:1118.45
====第9月明细====
9月薪水为:20000
五险一金实际缴纳基数为:10290
社保:823.2
医疗:205.8
失业:51.5
公积金:720
补充公积金:515
当期累计税前收入:182000
当期累计应纳税收入:102160.5
当期累计应纳税:7696.05
当期累计已纳税:6577.60
本期个人所得税:1118.45
====第10月明细====
10月薪水为:20000
五险一金实际缴纳基数为:10290
社保:823.2
医疗:205.8
失业:51.5
公积金:720
补充公积金:515
当期累计税前收入:202000
当期累计应纳税收入:113345.0
当期累计应纳税:8814.50
当期累计已纳税:7696.05
本期个人所得税:1118.45
====第11月明细====
11月薪水为:20000
五险一金实际缴纳基数为:10290
社保:823.2
医疗:205.8
失业:51.5
公积金:720
补充公积金:515
当期累计税前收入:222000
当期累计应纳税收入:124529.5
当期累计应纳税:9932.95
当期累计已纳税:8814.50
本期个人所得税:1118.45
====第12月明细====
12月薪水为:20000
五险一金实际缴纳基数为:10290
社保:823.2
医疗:205.8
失业:51.5
公积金:720
补充公积金:515
当期累计税前收入:242000
当期累计应纳税收入:135714.0
当期累计应纳税:11051.40
当期累计已纳税:9932.95
本期个人所得税:1118.45
=========年终统计================
一次性奖金收入:60000
一次性奖金收入纳税:5790.00
=========汇总统计================
====税前收入信息====
全年总收入:302000
全年月薪工资收入:242000
一次性奖金收入:60000
====纳税信息====
全年总个人所得税:16841.40
全年月薪工资所得税:11051.40
一次性奖金收入所得税:5790.00
====五险一金信息====
全年五险一金总个人支出:27786.0
全年五险总个人支出:12966.0
全年公积金总个人支出:14820
====税后收入信息====
全年月工资税后总收入:203162.60
全年公积金账户收入:29640
一次性奖金税后收入:54210.00
全年汇总实际收入(税后现金+公积金):287012.60
